2025-12-11 20:48:08.809 [info] Reading sessions from keychain...
2025-12-11 20:48:08.809 [info] Getting sessions for all scopes...
2025-12-11 20:48:08.809 [info] Got 0 sessions for ...
2025-12-11 20:48:08.809 [info] Getting sessions for all scopes...
2025-12-11 20:48:08.809 [info] Got 0 sessions for ...
2025-12-11 20:48:08.809 [info] Getting sessions for all scopes...
2025-12-11 20:48:08.809 [info] Got 0 sessions for ...
2025-12-11 20:48:08.809 [info] Getting sessions for all scopes...
2025-12-11 20:48:08.809 [info] Got 0 sessions for ...
2025-12-11 20:48:08.809 [info] Getting sessions for all scopes...
2025-12-11 20:48:08.809 [info] Got 0 sessions for ...
2025-12-11 20:48:08.809 [info] Getting sessions for all scopes...
2025-12-11 20:48:08.809 [info] Got 0 sessions for ...
2025-12-11 20:48:08.809 [info] Getting sessions for all scopes...
2025-12-11 20:48:08.809 [info] Got 0 sessions for ...
2025-12-11 20:48:08.809 [info] Getting sessions for all scopes...
2025-12-11 20:48:08.809 [info] Got 0 sessions for ...
2025-12-11 20:48:08.809 [info] Getting sessions for all scopes...
2025-12-11 20:48:08.809 [info] Got 0 sessions for ...
2025-12-11 20:48:08.809 [info] Getting sessions for all scopes...
2025-12-11 20:48:08.809 [info] Got 0 sessions for ...
2025-12-11 20:48:08.809 [info] Getting sessions for all scopes...
2025-12-11 20:48:08.809 [info] Got 0 sessions for ...
2025-12-11 20:48:08.809 [info] Getting sessions for all scopes...
2025-12-11 20:48:08.809 [info] Got 0 sessions for ...
2025-12-11 20:48:08.809 [info] Getting sessions for all scopes...
2025-12-11 20:48:08.809 [info] Got 0 sessions for ...
2025-12-11 20:48:08.809 [info] Getting sessions for all scopes...
2025-12-11 20:48:08.809 [info] Got 0 sessions for ...
2025-12-11 20:48:08.809 [info] Getting sessions for all scopes...
2025-12-11 20:48:08.809 [info] Got 0 sessions for ...
2025-12-11 20:48:09.088 [info] Getting sessions for all scopes...
2025-12-11 20:48:09.088 [info] Got 0 sessions for ...
2025-12-11 21:35:45.932 [info] Getting sessions for read:user,repo,user:email,workflow...
2025-12-11 21:35:45.932 [info] Got 0 sessions for read:user,repo,user:email,workflow...
