2025-12-11 20:48:09.139 [info] [main] Log level: Info
2025-12-11 20:48:09.139 [info] [main] Validating found git in: "git"
2025-12-11 20:48:09.211 [info] [main] Using git "2.52.0" from "git"
2025-12-11 20:48:09.211 [info] [Model][doInitialScan] Initial repository scan started
2025-12-11 20:48:09.227 [info] > git rev-parse --show-toplevel [8ms]
2025-12-11 20:48:09.227 [info] fatal: not a git repository (or any parent up to mount point /)
Stopping at filesystem boundary (GIT_DISCOVERY_ACROSS_FILESYSTEM not set).
2025-12-11 20:48:09.346 [info] > git rev-parse --show-toplevel [114ms]
2025-12-11 20:48:09.346 [info] fatal: not a git repository (or any parent up to mount point /)
Stopping at filesystem boundary (GIT_DISCOVERY_ACROSS_FILESYSTEM not set).
2025-12-11 20:48:09.356 [info] > git rev-parse --show-toplevel [1ms]
2025-12-11 20:48:09.356 [info] fatal: not a git repository (or any parent up to mount point /)
Stopping at filesystem boundary (GIT_DISCOVERY_ACROSS_FILESYSTEM not set).
2025-12-11 20:48:09.378 [info] > git rev-parse --show-toplevel [1ms]
2025-12-11 20:48:09.378 [info] fatal: not a git repository (or any parent up to mount point /)
Stopping at filesystem boundary (GIT_DISCOVERY_ACROSS_FILESYSTEM not set).
2025-12-11 20:48:09.382 [info] > git rev-parse --show-toplevel [1ms]
2025-12-11 20:48:09.382 [info] fatal: not a git repository (or any parent up to mount point /)
Stopping at filesystem boundary (GIT_DISCOVERY_ACROSS_FILESYSTEM not set).
2025-12-11 20:48:09.386 [info] > git rev-parse --show-toplevel [1ms]
2025-12-11 20:48:09.386 [info] fatal: not a git repository (or any parent up to mount point /)
Stopping at filesystem boundary (GIT_DISCOVERY_ACROSS_FILESYSTEM not set).
2025-12-11 20:48:09.391 [info] > git rev-parse --show-toplevel [1ms]
2025-12-11 20:48:09.391 [info] fatal: not a git repository (or any parent up to mount point /)
Stopping at filesystem boundary (GIT_DISCOVERY_ACROSS_FILESYSTEM not set).
2025-12-11 20:48:09.394 [info] > git rev-parse --show-toplevel [0ms]
2025-12-11 20:48:09.395 [info] fatal: not a git repository (or any parent up to mount point /)
Stopping at filesystem boundary (GIT_DISCOVERY_ACROSS_FILESYSTEM not set).
2025-12-11 20:48:09.399 [info] > git rev-parse --show-toplevel [1ms]
2025-12-11 20:48:09.399 [info] fatal: not a git repository (or any parent up to mount point /)
Stopping at filesystem boundary (GIT_DISCOVERY_ACROSS_FILESYSTEM not set).
2025-12-11 20:48:09.403 [info] > git rev-parse --show-toplevel [1ms]
2025-12-11 20:48:09.403 [info] fatal: not a git repository (or any parent up to mount point /)
Stopping at filesystem boundary (GIT_DISCOVERY_ACROSS_FILESYSTEM not set).
2025-12-11 20:48:09.407 [info] > git rev-parse --show-toplevel [1ms]
2025-12-11 20:48:09.407 [info] fatal: not a git repository (or any parent up to mount point /)
Stopping at filesystem boundary (GIT_DISCOVERY_ACROSS_FILESYSTEM not set).
2025-12-11 20:48:09.411 [info] > git rev-parse --show-toplevel [0ms]
2025-12-11 20:48:09.411 [info] fatal: not a git repository (or any parent up to mount point /)
Stopping at filesystem boundary (GIT_DISCOVERY_ACROSS_FILESYSTEM not set).
2025-12-11 20:48:09.412 [info] [Model][doInitialScan] Initial repository scan completed - repositories (0), closed repositories (0), parent repositories (0), unsafe repositories (0)
2025-12-11 20:48:09.459 [info] > git rev-parse --show-toplevel [1ms]
2025-12-11 20:48:09.460 [info] fatal: not a git repository (or any parent up to mount point /)
Stopping at filesystem boundary (GIT_DISCOVERY_ACROSS_FILESYSTEM not set).
2025-12-11 20:48:09.484 [info] > git rev-parse --show-toplevel [1ms]
2025-12-11 20:48:09.484 [info] fatal: not a git repository (or any parent up to mount point /)
Stopping at filesystem boundary (GIT_DISCOVERY_ACROSS_FILESYSTEM not set).
2025-12-11 20:48:23.734 [info] > git rev-parse --show-toplevel [1ms]
2025-12-11 20:48:23.734 [info] fatal: not a git repository (or any parent up to mount point /)
Stopping at filesystem boundary (GIT_DISCOVERY_ACROSS_FILESYSTEM not set).
2025-12-11 20:48:26.030 [info] > git rev-parse --show-toplevel [1ms]
2025-12-11 20:48:26.030 [info] fatal: not a git repository (or any parent up to mount point /)
Stopping at filesystem boundary (GIT_DISCOVERY_ACROSS_FILESYSTEM not set).
2025-12-11 20:48:31.982 [info] > git rev-parse --show-toplevel [1ms]
2025-12-11 20:48:31.983 [info] fatal: not a git repository (or any parent up to mount point /)
Stopping at filesystem boundary (GIT_DISCOVERY_ACROSS_FILESYSTEM not set).
2025-12-11 20:48:34.948 [info] > git rev-parse --show-toplevel [1ms]
2025-12-11 20:48:34.948 [info] fatal: not a git repository (or any parent up to mount point /)
Stopping at filesystem boundary (GIT_DISCOVERY_ACROSS_FILESYSTEM not set).
2025-12-11 20:48:36.276 [info] > git rev-parse --show-toplevel [0ms]
2025-12-11 20:48:36.276 [info] fatal: not a git repository (or any parent up to mount point /)
Stopping at filesystem boundary (GIT_DISCOVERY_ACROSS_FILESYSTEM not set).
2025-12-11 20:48:38.536 [info] > git rev-parse --show-toplevel [1ms]
2025-12-11 20:48:38.536 [info] fatal: not a git repository (or any parent up to mount point /)
Stopping at filesystem boundary (GIT_DISCOVERY_ACROSS_FILESYSTEM not set).
2025-12-11 20:49:04.574 [info] > git rev-parse --show-toplevel [1ms]
2025-12-11 20:49:04.574 [info] fatal: not a git repository (or any parent up to mount point /)
Stopping at filesystem boundary (GIT_DISCOVERY_ACROSS_FILESYSTEM not set).
2025-12-11 20:49:09.258 [info] > git rev-parse --show-toplevel [1ms]
2025-12-11 20:49:09.258 [info] fatal: not a git repository (or any parent up to mount point /)
Stopping at filesystem boundary (GIT_DISCOVERY_ACROSS_FILESYSTEM not set).
2025-12-11 20:49:16.742 [info] > git rev-parse --show-toplevel [1ms]
2025-12-11 20:49:16.742 [info] fatal: not a git repository (or any parent up to mount point /)
Stopping at filesystem boundary (GIT_DISCOVERY_ACROSS_FILESYSTEM not set).
2025-12-11 20:49:23.195 [info] > git rev-parse --show-toplevel [1ms]
2025-12-11 20:49:23.195 [info] fatal: not a git repository (or any parent up to mount point /)
Stopping at filesystem boundary (GIT_DISCOVERY_ACROSS_FILESYSTEM not set).
2025-12-11 20:49:24.141 [info] > git rev-parse --show-toplevel [1ms]
2025-12-11 20:49:24.141 [info] fatal: not a git repository (or any parent up to mount point /)
Stopping at filesystem boundary (GIT_DISCOVERY_ACROSS_FILESYSTEM not set).
2025-12-11 20:49:25.693 [info] > git rev-parse --show-toplevel [1ms]
2025-12-11 20:49:25.693 [info] fatal: not a git repository (or any parent up to mount point /)
Stopping at filesystem boundary (GIT_DISCOVERY_ACROSS_FILESYSTEM not set).
2025-12-11 20:49:25.970 [info] > git rev-parse --show-toplevel [1ms]
2025-12-11 20:49:25.970 [info] fatal: not a git repository (or any parent up to mount point /)
Stopping at filesystem boundary (GIT_DISCOVERY_ACROSS_FILESYSTEM not set).
2025-12-11 20:51:09.703 [info] > git rev-parse --show-toplevel [1ms]
2025-12-11 20:51:09.703 [info] fatal: not a git repository (or any parent up to mount point /)
Stopping at filesystem boundary (GIT_DISCOVERY_ACROSS_FILESYSTEM not set).
2025-12-11 20:55:05.034 [info] > git rev-parse --show-toplevel [1ms]
2025-12-11 20:55:05.034 [info] fatal: not a git repository (or any parent up to mount point /)
Stopping at filesystem boundary (GIT_DISCOVERY_ACROSS_FILESYSTEM not set).
2025-12-11 20:58:37.464 [info] > git rev-parse --show-toplevel [1ms]
2025-12-11 20:58:37.470 [info] > git rev-parse --git-dir --git-common-dir --show-superproject-working-tree [2ms]
2025-12-11 20:58:37.480 [info] [Model][openRepository] Opened repository (path): /home/david/.cache/yay/mkinitcpio-numlock
2025-12-11 20:58:37.480 [info] [Model][openRepository] Opened repository (real path): /home/david/.cache/yay/mkinitcpio-numlock
2025-12-11 20:58:37.480 [info] [Model][openRepository] Opened repository (kind): repository
2025-12-11 20:58:37.487 [info] > git config --get commit.template [1ms]
2025-12-11 20:58:37.492 [info] > git for-each-ref --format=%(refname)%00%(upstream:short)%00%(objectname)%00%(upstream:track)%00%(upstream:remotename)%00%(upstream:remoteref) refs/heads/master refs/remotes/master [2ms]
2025-12-11 20:58:37.496 [warning] [Git][revParse] Unable to read file: ENOENT: no such file or directory, open '/home/david/.cache/yay/mkinitcpio-numlock/.git/refs/remotes/origin/master'
2025-12-11 20:58:37.498 [info] > git rev-parse refs/remotes/origin/master [2ms]
2025-12-11 20:58:37.507 [info] > git status -z -uall [5ms]
2025-12-11 20:58:37.508 [info] > git for-each-ref --sort -committerdate --format %(refname)%00%(objectname)%00%(*objectname) [2ms]
2025-12-11 20:58:37.531 [info] > git for-each-ref --format=%(refname)%00%(upstream:short)%00%(objectname)%00%(upstream:track)%00%(upstream:remotename)%00%(upstream:remoteref) refs/heads/master refs/remotes/master [5ms]
2025-12-11 20:58:37.536 [info] > git config --get commit.template [5ms]
2025-12-11 20:58:37.537 [info] > git config --get --local branch.master.vscode-merge-base [2ms]
2025-12-11 20:58:37.537 [warning] [Git][config] git config failed: Failed to execute git
2025-12-11 20:58:37.544 [info] > git reflog master --grep-reflog=branch: Created from *. [4ms]
2025-12-11 20:58:37.548 [info] > git for-each-ref --format=%(refname)%00%(upstream:short)%00%(objectname)%00%(upstream:track)%00%(upstream:remotename)%00%(upstream:remoteref) refs/heads/master refs/remotes/master [4ms]
2025-12-11 20:58:37.551 [warning] [Git][revParse] Unable to read file: ENOENT: no such file or directory, open '/home/david/.cache/yay/mkinitcpio-numlock/.git/refs/remotes/origin/master'
2025-12-11 20:58:37.551 [info] > git symbolic-ref --short refs/remotes/origin/HEAD [3ms]
2025-12-11 20:58:37.555 [info] > git rev-parse refs/remotes/origin/master [4ms]
2025-12-11 20:58:37.562 [info] > git status -z -uall [4ms]
2025-12-11 20:58:37.562 [info] > git for-each-ref --format=%(refname)%00%(upstream:short)%00%(objectname)%00%(upstream:track)%00%(upstream:remotename)%00%(upstream:remoteref) refs/heads/origin/master refs/remotes/origin/master [8ms]
2025-12-11 20:58:37.566 [info] > git for-each-ref --sort -committerdate --format %(refname)%00%(objectname)%00%(*objectname) [5ms]
2025-12-11 20:58:37.568 [info] > git config --add --local branch.master.vscode-merge-base origin/master [3ms]
2025-12-11 20:58:37.577 [info] > git config --get commit.template [5ms]
2025-12-11 20:58:37.577 [info] > git for-each-ref --format=%(refname)%00%(upstream:short)%00%(objectname)%00%(upstream:track)%00%(upstream:remotename)%00%(upstream:remoteref) refs/heads/master refs/remotes/master [1ms]
2025-12-11 20:58:37.580 [warning] [Git][revParse] Unable to read file: ENOENT: no such file or directory, open '/home/david/.cache/yay/mkinitcpio-numlock/.git/refs/remotes/origin/master'
2025-12-11 20:58:37.581 [info] > git rev-parse refs/remotes/origin/master [1ms]
2025-12-11 20:58:37.590 [info] > git status -z -uall [5ms]
2025-12-11 20:58:37.591 [info] > git for-each-ref --sort -committerdate --format %(refname)%00%(objectname)%00%(*objectname) [2ms]
2025-12-11 20:58:37.602 [info] > git merge-base refs/heads/master refs/remotes/origin/master [5ms]
2025-12-11 20:58:37.608 [info] > git merge-base refs/heads/master refs/remotes/origin/master [6ms]
2025-12-11 20:58:37.612 [info] > git diff --name-status -z --diff-filter=ADMR --find-renames=50% f3a4171815d1efbf8d7578b1d10af27d423d7178...refs/remotes/origin/master -- [6ms]
2025-12-11 20:58:37.613 [info] > git diff --name-status -z --diff-filter=ADMR --find-renames=50% f3a4171815d1efbf8d7578b1d10af27d423d7178...refs/remotes/origin/master -- [1ms]
2025-12-11 21:24:26.742 [info] > git config --get commit.template [5ms]
2025-12-11 21:24:26.743 [info] > git for-each-ref --format=%(refname)%00%(upstream:short)%00%(objectname)%00%(upstream:track)%00%(upstream:remotename)%00%(upstream:remoteref) refs/heads/master refs/remotes/master [1ms]
2025-12-11 21:24:26.747 [warning] [Git][revParse] Unable to read file: ENOENT: no such file or directory, open '/home/david/.cache/yay/mkinitcpio-numlock/.git/refs/remotes/origin/master'
2025-12-11 21:24:26.748 [info] > git rev-parse refs/remotes/origin/master [1ms]
2025-12-11 21:24:26.756 [info] > git status -z -uall [4ms]
2025-12-11 21:24:26.757 [info] > git for-each-ref --sort -committerdate --format %(refname)%00%(objectname)%00%(*objectname) [2ms]
2025-12-11 21:24:30.224 [info] > git check-ignore -v -z --stdin [1ms]
2025-12-11 21:24:31.769 [info] > git config --get commit.template [4ms]
2025-12-11 21:24:31.770 [info] > git for-each-ref --format=%(refname)%00%(upstream:short)%00%(objectname)%00%(upstream:track)%00%(upstream:remotename)%00%(upstream:remoteref) refs/heads/master refs/remotes/master [1ms]
2025-12-11 21:24:31.774 [warning] [Git][revParse] Unable to read file: ENOENT: no such file or directory, open '/home/david/.cache/yay/mkinitcpio-numlock/.git/refs/remotes/origin/master'
2025-12-11 21:24:31.775 [info] > git rev-parse refs/remotes/origin/master [1ms]
2025-12-11 21:24:31.782 [info] > git status -z -uall [4ms]
2025-12-11 21:24:31.783 [info] > git for-each-ref --sort -committerdate --format %(refname)%00%(objectname)%00%(*objectname) [1ms]
2025-12-11 21:24:37.510 [info] > git rev-parse --show-toplevel [1ms]
2025-12-11 21:24:37.510 [info] fatal: not a git repository (or any parent up to mount point /)
Stopping at filesystem boundary (GIT_DISCOVERY_ACROSS_FILESYSTEM not set).
2025-12-11 21:24:40.371 [info] > git rev-parse --show-toplevel [1ms]
2025-12-11 21:24:40.371 [info] fatal: not a git repository (or any parent up to mount point /)
Stopping at filesystem boundary (GIT_DISCOVERY_ACROSS_FILESYSTEM not set).
2025-12-11 21:24:43.318 [info] > git rev-parse --show-toplevel [1ms]
2025-12-11 21:24:43.318 [info] fatal: not a git repository (or any parent up to mount point /)
Stopping at filesystem boundary (GIT_DISCOVERY_ACROSS_FILESYSTEM not set).
2025-12-11 21:24:43.779 [info] > git rev-parse --show-toplevel [1ms]
2025-12-11 21:24:43.779 [info] fatal: not a git repository (or any parent up to mount point /)
Stopping at filesystem boundary (GIT_DISCOVERY_ACROSS_FILESYSTEM not set).
2025-12-11 21:24:49.803 [info] > git rev-parse --show-toplevel [1ms]
2025-12-11 21:24:49.803 [info] fatal: not a git repository (or any parent up to mount point /)
Stopping at filesystem boundary (GIT_DISCOVERY_ACROSS_FILESYSTEM not set).
2025-12-11 21:24:51.325 [info] > git rev-parse --show-toplevel [2ms]
2025-12-11 21:24:51.325 [info] fatal: not a git repository (or any parent up to mount point /)
Stopping at filesystem boundary (GIT_DISCOVERY_ACROSS_FILESYSTEM not set).
2025-12-11 21:25:01.406 [info] > git rev-parse --show-toplevel [1ms]
2025-12-11 21:25:01.406 [info] fatal: not a git repository (or any parent up to mount point /)
Stopping at filesystem boundary (GIT_DISCOVERY_ACROSS_FILESYSTEM not set).
2025-12-11 21:25:06.626 [info] > git rev-parse --show-toplevel [1ms]
2025-12-11 21:25:06.626 [info] fatal: not a git repository (or any parent up to mount point /)
Stopping at filesystem boundary (GIT_DISCOVERY_ACROSS_FILESYSTEM not set).
2025-12-11 21:25:12.748 [info] > git rev-parse --show-toplevel [1ms]
2025-12-11 21:25:12.748 [info] fatal: not a git repository (or any parent up to mount point /)
Stopping at filesystem boundary (GIT_DISCOVERY_ACROSS_FILESYSTEM not set).
2025-12-11 21:25:40.256 [info] > git rev-parse --show-toplevel [1ms]
2025-12-11 21:25:40.256 [info] fatal: not a git repository (or any parent up to mount point /)
Stopping at filesystem boundary (GIT_DISCOVERY_ACROSS_FILESYSTEM not set).
2025-12-11 21:25:53.836 [info] > git rev-parse --show-toplevel [1ms]
2025-12-11 21:25:53.836 [info] fatal: not a git repository (or any parent up to mount point /)
Stopping at filesystem boundary (GIT_DISCOVERY_ACROSS_FILESYSTEM not set).
2025-12-11 21:26:10.928 [info] > git rev-parse --show-toplevel [1ms]
2025-12-11 21:26:10.928 [info] fatal: not a git repository (or any parent up to mount point /)
Stopping at filesystem boundary (GIT_DISCOVERY_ACROSS_FILESYSTEM not set).
2025-12-11 21:29:05.080 [info] > git rev-parse --show-toplevel [1ms]
2025-12-11 21:29:05.080 [info] fatal: not a git repository (or any parent up to mount point /)
Stopping at filesystem boundary (GIT_DISCOVERY_ACROSS_FILESYSTEM not set).
2025-12-11 21:29:26.960 [info] > git rev-parse --show-toplevel [1ms]
2025-12-11 21:29:26.960 [info] fatal: not a git repository (or any parent up to mount point /)
Stopping at filesystem boundary (GIT_DISCOVERY_ACROSS_FILESYSTEM not set).
2025-12-11 21:30:09.317 [info] > git rev-parse --show-toplevel [1ms]
2025-12-11 21:30:09.317 [info] fatal: not a git repository (or any parent up to mount point /)
Stopping at filesystem boundary (GIT_DISCOVERY_ACROSS_FILESYSTEM not set).
2025-12-11 21:30:10.209 [info] > git rev-parse --show-toplevel [1ms]
2025-12-11 21:30:10.209 [info] fatal: not a git repository (or any parent up to mount point /)
Stopping at filesystem boundary (GIT_DISCOVERY_ACROSS_FILESYSTEM not set).
2025-12-11 21:30:58.221 [info] > git rev-parse --show-toplevel [1ms]
2025-12-11 21:30:58.221 [info] fatal: not a git repository (or any parent up to mount point /)
Stopping at filesystem boundary (GIT_DISCOVERY_ACROSS_FILESYSTEM not set).
2025-12-11 21:31:03.129 [info] > git rev-parse --show-toplevel [0ms]
2025-12-11 21:31:03.130 [info] fatal: not a git repository (or any parent up to mount point /)
Stopping at filesystem boundary (GIT_DISCOVERY_ACROSS_FILESYSTEM not set).
2025-12-11 21:35:45.892 [info] > git rev-parse --show-toplevel [1ms]
2025-12-11 21:35:45.898 [info] > git rev-parse --git-dir --git-common-dir --show-superproject-working-tree [3ms]
2025-12-11 21:35:45.901 [info] [Model][openRepository] Opened repository (path): /home/david/.oh-my-zsh
2025-12-11 21:35:45.901 [info] [Model][openRepository] Opened repository (real path): /home/david/.oh-my-zsh
2025-12-11 21:35:45.901 [info] [Model][openRepository] Opened repository (kind): repository
2025-12-11 21:35:45.906 [info] > git config --get commit.template [1ms]
2025-12-11 21:35:45.910 [info] > git for-each-ref --format=%(refname)%00%(upstream:short)%00%(objectname)%00%(upstream:track)%00%(upstream:remotename)%00%(upstream:remoteref) refs/heads/master refs/remotes/master [1ms]
2025-12-11 21:35:45.910 [warning] [Git][getBranch] No such branch: master
2025-12-11 21:35:45.919 [info] > git status -z -uall [5ms]
2025-12-11 21:35:45.920 [info] > git for-each-ref --sort -committerdate --format %(refname)%00%(objectname)%00%(*objectname) [2ms]
2025-12-11 21:35:45.930 [info] > git for-each-ref --format=%(refname)%00%(upstream:short)%00%(objectname)%00%(upstream:track)%00%(upstream:remotename)%00%(upstream:remoteref) refs/heads/master refs/remotes/master [6ms]
2025-12-11 21:35:45.930 [warning] [Git][getBranch] No such branch: master
2025-12-11 21:35:45.930 [error] [GitHistoryProvider][resolveHEADMergeBase] Failed to resolve merge base for master: Error: No such branch: master.
2025-12-11 21:35:45.932 [info] > git config --get commit.template [2ms]
2025-12-11 21:35:45.936 [info] > git for-each-ref --format=%(refname)%00%(upstream:short)%00%(objectname)%00%(upstream:track)%00%(upstream:remotename)%00%(upstream:remoteref) refs/heads/master refs/remotes/master [0ms]
2025-12-11 21:35:45.936 [warning] [Git][getBranch] No such branch: master
2025-12-11 21:35:45.944 [info] > git status -z -uall [4ms]
2025-12-11 21:35:45.945 [info] > git for-each-ref --sort -committerdate --format %(refname)%00%(objectname)%00%(*objectname) [1ms]
2025-12-11 21:35:46.410 [info] > git check-ignore -v -z --stdin [0ms]
2025-12-11 21:35:48.184 [info] > git config --get commit.template [4ms]
2025-12-11 21:35:48.185 [info] > git for-each-ref --format=%(refname)%00%(upstream:short)%00%(objectname)%00%(upstream:track)%00%(upstream:remotename)%00%(upstream:remoteref) refs/heads/master refs/remotes/master [1ms]
2025-12-11 21:35:48.194 [info] > git for-each-ref --sort -committerdate --format %(refname)%00%(objectname)%00%(*objectname) [2ms]
2025-12-11 21:35:48.222 [info] > git status -z -uall [33ms]
2025-12-11 21:35:48.229 [info] > git merge-base refs/heads/master refs/remotes/origin/master [1ms]
2025-12-11 21:35:48.234 [info] > git diff --name-status -z --diff-filter=ADMR --find-renames=50% f84341c57478445d534d0318231df8157ddfed3e...refs/remotes/origin/master -- [1ms]
2025-12-11 21:35:53.781 [info] > git config --get commit.template [4ms]
2025-12-11 21:35:53.782 [info] > git for-each-ref --format=%(refname)%00%(upstream:short)%00%(objectname)%00%(upstream:track)%00%(upstream:remotename)%00%(upstream:remoteref) refs/heads/master refs/remotes/master [2ms]
2025-12-11 21:35:53.791 [info] > git for-each-ref --sort -committerdate --format %(refname)%00%(objectname)%00%(*objectname) [1ms]
2025-12-11 21:35:53.818 [info] > git status -z -uall [32ms]
2025-12-11 21:36:33.841 [info] > git rev-parse --show-toplevel [1ms]
2025-12-11 21:36:33.847 [info] > git rev-parse --git-dir --git-common-dir --show-superproject-working-tree [3ms]
2025-12-11 21:36:33.850 [info] [Model][openRepository] Opened repository (path): /home/david/.cache/yay/zsh-theme-powerlevel10k
2025-12-11 21:36:33.850 [info] [Model][openRepository] Opened repository (real path): /home/david/.cache/yay/zsh-theme-powerlevel10k
2025-12-11 21:36:33.850 [info] [Model][openRepository] Opened repository (kind): repository
2025-12-11 21:36:33.855 [info] > git config --get commit.template [1ms]
2025-12-11 21:36:33.860 [info] > git for-each-ref --format=%(refname)%00%(upstream:short)%00%(objectname)%00%(upstream:track)%00%(upstream:remotename)%00%(upstream:remoteref) refs/heads/master refs/remotes/master [1ms]
2025-12-11 21:36:33.864 [warning] [Git][revParse] Unable to read file: ENOENT: no such file or directory, open '/home/david/.cache/yay/zsh-theme-powerlevel10k/.git/refs/remotes/origin/master'
2025-12-11 21:36:33.865 [info] > git rev-parse refs/remotes/origin/master [1ms]
2025-12-11 21:36:33.873 [info] > git status -z -uall [4ms]
2025-12-11 21:36:33.874 [info] > git for-each-ref --sort -committerdate --format %(refname)%00%(objectname)%00%(*objectname) [1ms]
2025-12-11 21:36:33.885 [info] > git for-each-ref --format=%(refname)%00%(upstream:short)%00%(objectname)%00%(upstream:track)%00%(upstream:remotename)%00%(upstream:remoteref) refs/heads/master refs/remotes/master [6ms]
2025-12-11 21:36:33.889 [info] > git config --get commit.template [5ms]
2025-12-11 21:36:33.889 [info] > git config --get --local branch.master.vscode-merge-base [1ms]
2025-12-11 21:36:33.889 [warning] [Git][config] git config failed: Failed to execute git
2025-12-11 21:36:33.897 [info] > git reflog master --grep-reflog=branch: Created from *. [4ms]
2025-12-11 21:36:33.900 [info] > git for-each-ref --format=%(refname)%00%(upstream:short)%00%(objectname)%00%(upstream:track)%00%(upstream:remotename)%00%(upstream:remoteref) refs/heads/master refs/remotes/master [4ms]
2025-12-11 21:36:33.904 [warning] [Git][revParse] Unable to read file: ENOENT: no such file or directory, open '/home/david/.cache/yay/zsh-theme-powerlevel10k/.git/refs/remotes/origin/master'
2025-12-11 21:36:33.904 [info] > git symbolic-ref --short refs/remotes/origin/HEAD [4ms]
2025-12-11 21:36:33.908 [info] > git rev-parse refs/remotes/origin/master [4ms]
2025-12-11 21:36:33.915 [info] > git status -z -uall [4ms]
2025-12-11 21:36:33.915 [info] > git for-each-ref --format=%(refname)%00%(upstream:short)%00%(objectname)%00%(upstream:track)%00%(upstream:remotename)%00%(upstream:remoteref) refs/heads/origin/master refs/remotes/origin/master [8ms]
2025-12-11 21:36:33.919 [info] > git for-each-ref --sort -committerdate --format %(refname)%00%(objectname)%00%(*objectname) [4ms]
2025-12-11 21:36:33.921 [info] > git config --add --local branch.master.vscode-merge-base origin/master [2ms]
2025-12-11 21:36:33.927 [info] > git config --get commit.template [1ms]
2025-12-11 21:36:33.933 [info] > git for-each-ref --format=%(refname)%00%(upstream:short)%00%(objectname)%00%(upstream:track)%00%(upstream:remotename)%00%(upstream:remoteref) refs/heads/master refs/remotes/master [1ms]
2025-12-11 21:36:33.938 [warning] [Git][revParse] Unable to read file: ENOENT: no such file or directory, open '/home/david/.cache/yay/zsh-theme-powerlevel10k/.git/refs/remotes/origin/master'
2025-12-11 21:36:33.939 [info] > git rev-parse refs/remotes/origin/master [1ms]
2025-12-11 21:36:33.948 [info] > git status -z -uall [5ms]
2025-12-11 21:36:33.949 [info] > git for-each-ref --sort -committerdate --format %(refname)%00%(objectname)%00%(*objectname) [2ms]
2025-12-11 21:36:33.959 [info] > git merge-base refs/heads/master refs/remotes/origin/master [4ms]
2025-12-11 21:36:33.964 [info] > git merge-base refs/heads/master refs/remotes/origin/master [5ms]
2025-12-11 21:36:33.968 [info] > git diff --name-status -z --diff-filter=ADMR --find-renames=50% 170b0f441b202542377c26852703ec3367b5b868...refs/remotes/origin/master -- [5ms]
2025-12-11 21:36:33.969 [info] > git diff --name-status -z --diff-filter=ADMR --find-renames=50% 170b0f441b202542377c26852703ec3367b5b868...refs/remotes/origin/master -- [1ms]
2025-12-11 21:36:34.365 [info] > git check-ignore -v -z --stdin [1ms]
2025-12-11 21:36:37.391 [info] > git config --get commit.template [4ms]
2025-12-11 21:36:37.392 [info] > git for-each-ref --format=%(refname)%00%(upstream:short)%00%(objectname)%00%(upstream:track)%00%(upstream:remotename)%00%(upstream:remoteref) refs/heads/master refs/remotes/master [2ms]
2025-12-11 21:36:37.395 [warning] [Git][revParse] Unable to read file: ENOENT: no such file or directory, open '/home/david/.cache/yay/zsh-theme-powerlevel10k/.git/refs/remotes/origin/master'
2025-12-11 21:36:37.396 [info] > git rev-parse refs/remotes/origin/master [1ms]
2025-12-11 21:36:37.403 [info] > git status -z -uall [4ms]
2025-12-11 21:36:37.404 [info] > git for-each-ref --sort -committerdate --format %(refname)%00%(objectname)%00%(*objectname) [1ms]
2025-12-11 21:36:42.414 [info] > git config --get commit.template [4ms]
2025-12-11 21:36:42.415 [info] > git for-each-ref --format=%(refname)%00%(upstream:short)%00%(objectname)%00%(upstream:track)%00%(upstream:remotename)%00%(upstream:remoteref) refs/heads/master refs/remotes/master [2ms]
2025-12-11 21:36:42.418 [warning] [Git][revParse] Unable to read file: ENOENT: no such file or directory, open '/home/david/.cache/yay/zsh-theme-powerlevel10k/.git/refs/remotes/origin/master'
2025-12-11 21:36:42.419 [info] > git rev-parse refs/remotes/origin/master [1ms]
2025-12-11 21:36:42.427 [info] > git status -z -uall [4ms]
2025-12-11 21:36:42.428 [info] > git for-each-ref --sort -committerdate --format %(refname)%00%(objectname)%00%(*objectname) [1ms]
2025-12-11 21:36:47.441 [info] > git config --get commit.template [4ms]
2025-12-11 21:36:47.442 [info] > git for-each-ref --format=%(refname)%00%(upstream:short)%00%(objectname)%00%(upstream:track)%00%(upstream:remotename)%00%(upstream:remoteref) refs/heads/master refs/remotes/master [1ms]
2025-12-11 21:36:47.445 [warning] [Git][revParse] Unable to read file: ENOENT: no such file or directory, open '/home/david/.cache/yay/zsh-theme-powerlevel10k/.git/refs/remotes/origin/master'
2025-12-11 21:36:47.446 [info] > git rev-parse refs/remotes/origin/master [1ms]
2025-12-11 21:36:47.453 [info] > git status -z -uall [4ms]
2025-12-11 21:36:47.454 [info] > git for-each-ref --sort -committerdate --format %(refname)%00%(objectname)%00%(*objectname) [1ms]
2025-12-11 21:36:52.464 [info] > git config --get commit.template [4ms]
2025-12-11 21:36:52.465 [info] > git for-each-ref --format=%(refname)%00%(upstream:short)%00%(objectname)%00%(upstream:track)%00%(upstream:remotename)%00%(upstream:remoteref) refs/heads/master refs/remotes/master [1ms]
2025-12-11 21:36:52.468 [warning] [Git][revParse] Unable to read file: ENOENT: no such file or directory, open '/home/david/.cache/yay/zsh-theme-powerlevel10k/.git/refs/remotes/origin/master'
2025-12-11 21:36:52.469 [info] > git rev-parse refs/remotes/origin/master [1ms]
2025-12-11 21:36:52.476 [info] > git status -z -uall [4ms]
2025-12-11 21:36:52.477 [info] > git for-each-ref --sort -committerdate --format %(refname)%00%(objectname)%00%(*objectname) [1ms]
2025-12-11 21:37:19.561 [info] > git config --get commit.template [4ms]
2025-12-11 21:37:19.562 [info] > git for-each-ref --format=%(refname)%00%(upstream:short)%00%(objectname)%00%(upstream:track)%00%(upstream:remotename)%00%(upstream:remoteref) refs/heads/master refs/remotes/master [1ms]
2025-12-11 21:37:19.566 [warning] [Git][revParse] Unable to read file: ENOENT: no such file or directory, open '/home/david/.cache/yay/zsh-theme-powerlevel10k/.git/refs/remotes/origin/master'
2025-12-11 21:37:19.567 [info] > git rev-parse refs/remotes/origin/master [1ms]
2025-12-11 21:37:19.574 [info] > git status -z -uall [3ms]
2025-12-11 21:37:19.575 [info] > git for-each-ref --sort -committerdate --format %(refname)%00%(objectname)%00%(*objectname) [1ms]
2025-12-11 21:37:27.871 [info] > git config --get commit.template [3ms]
2025-12-11 21:37:27.872 [info] > git for-each-ref --format=%(refname)%00%(upstream:short)%00%(objectname)%00%(upstream:track)%00%(upstream:remotename)%00%(upstream:remoteref) refs/heads/master refs/remotes/master [1ms]
2025-12-11 21:37:27.876 [warning] [Git][revParse] Unable to read file: ENOENT: no such file or directory, open '/home/david/.cache/yay/zsh-theme-powerlevel10k/.git/refs/remotes/origin/master'
2025-12-11 21:37:27.877 [info] > git rev-parse refs/remotes/origin/master [1ms]
2025-12-11 21:37:27.885 [info] > git status -z -uall [4ms]
2025-12-11 21:37:27.885 [info] > git for-each-ref --sort -committerdate --format %(refname)%00%(objectname)%00%(*objectname) [1ms]
2025-12-11 21:37:32.894 [info] > git config --get commit.template [3ms]
2025-12-11 21:37:32.895 [info] > git for-each-ref --format=%(refname)%00%(upstream:short)%00%(objectname)%00%(upstream:track)%00%(upstream:remotename)%00%(upstream:remoteref) refs/heads/master refs/remotes/master [1ms]
2025-12-11 21:37:32.901 [warning] [Git][revParse] Unable to read file: ENOENT: no such file or directory, open '/home/david/.cache/yay/zsh-theme-powerlevel10k/.git/refs/remotes/origin/master'
2025-12-11 21:37:32.902 [info] > git rev-parse refs/remotes/origin/master [1ms]
2025-12-11 21:37:32.909 [info] > git status -z -uall [4ms]
2025-12-11 21:37:32.910 [info] > git for-each-ref --sort -committerdate --format %(refname)%00%(objectname)%00%(*objectname) [1ms]
2025-12-11 21:37:37.920 [info] > git config --get commit.template [4ms]
2025-12-11 21:37:37.921 [info] > git for-each-ref --format=%(refname)%00%(upstream:short)%00%(objectname)%00%(upstream:track)%00%(upstream:remotename)%00%(upstream:remoteref) refs/heads/master refs/remotes/master [1ms]
2025-12-11 21:37:37.924 [warning] [Git][revParse] Unable to read file: ENOENT: no such file or directory, open '/home/david/.cache/yay/zsh-theme-powerlevel10k/.git/refs/remotes/origin/master'
2025-12-11 21:37:37.925 [info] > git rev-parse refs/remotes/origin/master [1ms]
2025-12-11 21:37:37.933 [info] > git status -z -uall [4ms]
2025-12-11 21:37:37.933 [info] > git for-each-ref --sort -committerdate --format %(refname)%00%(objectname)%00%(*objectname) [1ms]
2025-12-11 21:39:21.438 [info] > git rev-parse --show-toplevel [1ms]
2025-12-11 21:39:21.438 [info] fatal: not a git repository (or any parent up to mount point /)
Stopping at filesystem boundary (GIT_DISCOVERY_ACROSS_FILESYSTEM not set).
2025-12-11 21:39:50.743 [info] > git config --get commit.template [5ms]
2025-12-11 21:39:50.744 [info] > git for-each-ref --format=%(refname)%00%(upstream:short)%00%(objectname)%00%(upstream:track)%00%(upstream:remotename)%00%(upstream:remoteref) refs/heads/master refs/remotes/master [2ms]
2025-12-11 21:39:50.756 [info] > git for-each-ref --sort -committerdate --format %(refname)%00%(objectname)%00%(*objectname) [2ms]
2025-12-11 21:39:50.782 [info] > git status -z -uall [33ms]
2025-12-11 21:40:52.870 [info] > git config --get commit.template [5ms]
2025-12-11 21:40:52.871 [info] > git for-each-ref --format=%(refname)%00%(upstream:short)%00%(objectname)%00%(upstream:track)%00%(upstream:remotename)%00%(upstream:remoteref) refs/heads/master refs/remotes/master [1ms]
2025-12-11 21:40:52.879 [info] > git for-each-ref --sort -committerdate --format %(refname)%00%(objectname)%00%(*objectname) [1ms]
2025-12-11 21:40:52.906 [info] > git status -z -uall [32ms]
2025-12-11 21:41:28.936 [info] > git rev-parse --show-toplevel [1ms]
2025-12-11 21:41:28.936 [info] fatal: not a git repository (or any parent up to mount point /)
Stopping at filesystem boundary (GIT_DISCOVERY_ACROSS_FILESYSTEM not set).
2025-12-11 21:41:30.045 [info] > git rev-parse --show-toplevel [1ms]
2025-12-11 21:41:30.045 [info] fatal: not a git repository (or any parent up to mount point /)
Stopping at filesystem boundary (GIT_DISCOVERY_ACROSS_FILESYSTEM not set).
2025-12-11 21:41:35.168 [info] > git rev-parse --show-toplevel [2ms]
2025-12-11 21:41:35.168 [info] fatal: not a git repository (or any parent up to mount point /)
Stopping at filesystem boundary (GIT_DISCOVERY_ACROSS_FILESYSTEM not set).
2025-12-11 21:41:39.033 [info] > git rev-parse --show-toplevel [1ms]
2025-12-11 21:41:39.033 [info] fatal: not a git repository (or any parent up to mount point /)
Stopping at filesystem boundary (GIT_DISCOVERY_ACROSS_FILESYSTEM not set).
2025-12-11 21:42:04.204 [info] > git rev-parse --show-toplevel [1ms]
2025-12-11 21:42:04.204 [info] fatal: not a git repository (or any parent up to mount point /)
Stopping at filesystem boundary (GIT_DISCOVERY_ACROSS_FILESYSTEM not set).
2025-12-11 21:42:11.321 [info] > git rev-parse --show-toplevel [1ms]
2025-12-11 21:42:11.321 [info] fatal: not a git repository (or any parent up to mount point /)
Stopping at filesystem boundary (GIT_DISCOVERY_ACROSS_FILESYSTEM not set).
2025-12-11 21:42:12.476 [info] > git rev-parse --show-toplevel [1ms]
2025-12-11 21:42:12.476 [info] fatal: not a git repository (or any parent up to mount point /)
Stopping at filesystem boundary (GIT_DISCOVERY_ACROSS_FILESYSTEM not set).
2025-12-11 21:42:19.130 [info] > git rev-parse --show-toplevel [1ms]
2025-12-11 21:42:19.130 [info] fatal: not a git repository (or any parent up to mount point /)
Stopping at filesystem boundary (GIT_DISCOVERY_ACROSS_FILESYSTEM not set).
2025-12-11 21:43:08.599 [info] > git rev-parse --show-toplevel [2ms]
2025-12-11 21:43:08.599 [info] fatal: not a git repository (or any parent up to mount point /)
Stopping at filesystem boundary (GIT_DISCOVERY_ACROSS_FILESYSTEM not set).
2025-12-11 21:43:10.482 [info] > git rev-parse --show-toplevel [1ms]
2025-12-11 21:43:10.482 [info] fatal: not a git repository (or any parent up to mount point /)
Stopping at filesystem boundary (GIT_DISCOVERY_ACROSS_FILESYSTEM not set).
2025-12-11 21:43:12.684 [info] > git rev-parse --show-toplevel [1ms]
2025-12-11 21:43:12.684 [info] fatal: not a git repository (or any parent up to mount point /)
Stopping at filesystem boundary (GIT_DISCOVERY_ACROSS_FILESYSTEM not set).
2025-12-11 21:43:50.832 [info] > git rev-parse --show-toplevel [1ms]
2025-12-11 21:43:50.833 [info] fatal: not a git repository (or any parent up to mount point /)
Stopping at filesystem boundary (GIT_DISCOVERY_ACROSS_FILESYSTEM not set).
2025-12-11 21:43:52.091 [info] > git rev-parse --show-toplevel [1ms]
2025-12-11 21:43:52.091 [info] fatal: not a git repository (or any parent up to mount point /)
Stopping at filesystem boundary (GIT_DISCOVERY_ACROSS_FILESYSTEM not set).
2025-12-11 21:43:52.665 [info] > git rev-parse --show-toplevel [1ms]
2025-12-11 21:43:52.665 [info] fatal: not a git repository (or any parent up to mount point /)
Stopping at filesystem boundary (GIT_DISCOVERY_ACROSS_FILESYSTEM not set).
2025-12-11 21:43:54.048 [info] > git rev-parse --show-toplevel [1ms]
2025-12-11 21:43:54.048 [info] fatal: not a git repository (or any parent up to mount point /)
Stopping at filesystem boundary (GIT_DISCOVERY_ACROSS_FILESYSTEM not set).
2025-12-11 21:43:54.607 [info] > git rev-parse --show-toplevel [1ms]
2025-12-11 21:43:54.608 [info] fatal: not a git repository (or any parent up to mount point /)
Stopping at filesystem boundary (GIT_DISCOVERY_ACROSS_FILESYSTEM not set).
2025-12-11 21:43:58.750 [info] > git rev-parse --show-toplevel [1ms]
2025-12-11 21:43:58.750 [info] fatal: not a git repository (or any parent up to mount point /)
Stopping at filesystem boundary (GIT_DISCOVERY_ACROSS_FILESYSTEM not set).
2025-12-11 21:44:05.227 [info] > git rev-parse --show-toplevel [1ms]
2025-12-11 21:44:05.227 [info] fatal: not a git repository (or any parent up to mount point /)
Stopping at filesystem boundary (GIT_DISCOVERY_ACROSS_FILESYSTEM not set).
2025-12-11 21:45:07.688 [info] > git rev-parse --show-toplevel [1ms]
2025-12-11 21:45:07.688 [info] fatal: not a git repository (or any parent up to mount point /)
Stopping at filesystem boundary (GIT_DISCOVERY_ACROSS_FILESYSTEM not set).
2025-12-11 21:45:09.468 [info] > git rev-parse --show-toplevel [1ms]
2025-12-11 21:45:09.468 [info] fatal: not a git repository (or any parent up to mount point /)
Stopping at filesystem boundary (GIT_DISCOVERY_ACROSS_FILESYSTEM not set).
2025-12-11 21:46:03.454 [info] > git rev-parse --show-toplevel [1ms]
2025-12-11 21:46:03.454 [info] fatal: not a git repository (or any parent up to mount point /)
Stopping at filesystem boundary (GIT_DISCOVERY_ACROSS_FILESYSTEM not set).
2025-12-11 21:46:07.330 [info] > git rev-parse --show-toplevel [1ms]
2025-12-11 21:46:07.330 [info] fatal: not a git repository (or any parent up to mount point /)
Stopping at filesystem boundary (GIT_DISCOVERY_ACROSS_FILESYSTEM not set).
2025-12-11 21:46:52.785 [info] > git rev-parse --show-toplevel [1ms]
2025-12-11 21:46:52.785 [info] fatal: not a git repository (or any parent up to mount point /)
Stopping at filesystem boundary (GIT_DISCOVERY_ACROSS_FILESYSTEM not set).
2025-12-11 21:46:53.775 [info] > git rev-parse --show-toplevel [0ms]
2025-12-11 21:46:53.775 [info] fatal: not a git repository (or any parent up to mount point /)
Stopping at filesystem boundary (GIT_DISCOVERY_ACROSS_FILESYSTEM not set).
2025-12-11 21:57:18.042 [info] > git rev-parse --show-toplevel [1ms]
2025-12-11 21:57:18.042 [info] fatal: not a git repository (or any parent up to mount point /)
Stopping at filesystem boundary (GIT_DISCOVERY_ACROSS_FILESYSTEM not set).
2025-12-11 21:57:18.757 [info] > git rev-parse --show-toplevel [1ms]
2025-12-11 21:57:18.757 [info] fatal: not a git repository (or any parent up to mount point /)
Stopping at filesystem boundary (GIT_DISCOVERY_ACROSS_FILESYSTEM not set).
2025-12-11 21:57:19.166 [info] > git rev-parse --show-toplevel [1ms]
2025-12-11 21:57:19.166 [info] fatal: not a git repository (or any parent up to mount point /)
Stopping at filesystem boundary (GIT_DISCOVERY_ACROSS_FILESYSTEM not set).
2025-12-11 21:57:19.772 [info] > git rev-parse --show-toplevel [1ms]
2025-12-11 21:57:19.772 [info] fatal: not a git repository (or any parent up to mount point /)
Stopping at filesystem boundary (GIT_DISCOVERY_ACROSS_FILESYSTEM not set).
2025-12-11 21:57:20.734 [info] > git rev-parse --show-toplevel [1ms]
2025-12-11 21:57:20.734 [info] fatal: not a git repository (or any parent up to mount point /)
Stopping at filesystem boundary (GIT_DISCOVERY_ACROSS_FILESYSTEM not set).
2025-12-11 21:57:29.793 [info] > git rev-parse --show-toplevel [2ms]
2025-12-11 21:57:29.793 [info] fatal: not a git repository (or any parent up to mount point /)
Stopping at filesystem boundary (GIT_DISCOVERY_ACROSS_FILESYSTEM not set).
2025-12-11 21:57:32.079 [info] > git rev-parse --show-toplevel [1ms]
2025-12-11 21:57:32.079 [info] fatal: not a git repository (or any parent up to mount point /)
Stopping at filesystem boundary (GIT_DISCOVERY_ACROSS_FILESYSTEM not set).
2025-12-11 21:57:36.229 [info] > git rev-parse --show-toplevel [1ms]
2025-12-11 21:57:36.229 [info] fatal: not a git repository (or any parent up to mount point /)
Stopping at filesystem boundary (GIT_DISCOVERY_ACROSS_FILESYSTEM not set).
2025-12-11 21:57:44.383 [info] > git rev-parse --show-toplevel [1ms]
2025-12-11 21:57:44.383 [info] fatal: not a git repository (or any parent up to mount point /)
Stopping at filesystem boundary (GIT_DISCOVERY_ACROSS_FILESYSTEM not set).
2025-12-11 21:58:24.397 [info] > git rev-parse --show-toplevel [1ms]
2025-12-11 21:58:24.397 [info] fatal: not a git repository (or any parent up to mount point /)
Stopping at filesystem boundary (GIT_DISCOVERY_ACROSS_FILESYSTEM not set).
2025-12-11 21:58:27.017 [info] > git rev-parse --show-toplevel [1ms]
2025-12-11 21:58:27.017 [info] fatal: not a git repository (or any parent up to mount point /)
Stopping at filesystem boundary (GIT_DISCOVERY_ACROSS_FILESYSTEM not set).
2025-12-11 21:58:36.372 [info] > git rev-parse --show-toplevel [1ms]
2025-12-11 21:58:36.372 [info] fatal: not a git repository (or any parent up to mount point /)
Stopping at filesystem boundary (GIT_DISCOVERY_ACROSS_FILESYSTEM not set).
2025-12-11 21:58:36.872 [info] > git rev-parse --show-toplevel [1ms]
2025-12-11 21:58:36.872 [info] fatal: not a git repository (or any parent up to mount point /)
Stopping at filesystem boundary (GIT_DISCOVERY_ACROSS_FILESYSTEM not set).
2025-12-11 21:58:39.088 [info] > git rev-parse --show-toplevel [1ms]
2025-12-11 21:58:39.088 [info] fatal: not a git repository (or any parent up to mount point /)
Stopping at filesystem boundary (GIT_DISCOVERY_ACROSS_FILESYSTEM not set).
2025-12-11 21:59:31.486 [info] > git rev-parse --show-toplevel [1ms]
2025-12-11 21:59:31.486 [info] fatal: not a git repository (or any parent up to mount point /)
Stopping at filesystem boundary (GIT_DISCOVERY_ACROSS_FILESYSTEM not set).
2025-12-11 21:59:41.545 [info] > git rev-parse --show-toplevel [1ms]
2025-12-11 21:59:41.545 [info] fatal: not a git repository (or any parent up to mount point /)
Stopping at filesystem boundary (GIT_DISCOVERY_ACROSS_FILESYSTEM not set).
2025-12-11 21:59:51.879 [info] > git rev-parse --show-toplevel [1ms]
2025-12-11 21:59:51.879 [info] fatal: not a git repository (or any parent up to mount point /)
Stopping at filesystem boundary (GIT_DISCOVERY_ACROSS_FILESYSTEM not set).
2025-12-11 21:59:52.762 [info] > git rev-parse --show-toplevel [2ms]
2025-12-11 21:59:52.762 [info] fatal: not a git repository (or any parent up to mount point /)
Stopping at filesystem boundary (GIT_DISCOVERY_ACROSS_FILESYSTEM not set).
2025-12-11 21:59:55.879 [info] > git rev-parse --show-toplevel [1ms]
2025-12-11 21:59:55.879 [info] fatal: not a git repository (or any parent up to mount point /)
Stopping at filesystem boundary (GIT_DISCOVERY_ACROSS_FILESYSTEM not set).
2025-12-11 21:59:57.576 [info] > git rev-parse --show-toplevel [1ms]
2025-12-11 21:59:57.576 [info] fatal: not a git repository (or any parent up to mount point /)
Stopping at filesystem boundary (GIT_DISCOVERY_ACROSS_FILESYSTEM not set).
2025-12-11 22:00:11.542 [info] > git rev-parse --show-toplevel [1ms]
2025-12-11 22:00:11.542 [info] fatal: not a git repository (or any parent up to mount point /)
Stopping at filesystem boundary (GIT_DISCOVERY_ACROSS_FILESYSTEM not set).
2025-12-11 22:00:25.219 [info] > git rev-parse --show-toplevel [1ms]
2025-12-11 22:00:25.219 [info] fatal: not a git repository (or any parent up to mount point /)
Stopping at filesystem boundary (GIT_DISCOVERY_ACROSS_FILESYSTEM not set).
