2025-12-11 22:04:44.410 [info] Reading sessions from keychain...
2025-12-11 22:04:44.410 [info] Getting sessions for all scopes...
2025-12-11 22:04:44.410 [info] Got 0 sessions for ...
2025-12-11 22:04:44.410 [info] Getting sessions for all scopes...
2025-12-11 22:04:44.410 [info] Got 0 sessions for ...
2025-12-11 22:04:44.410 [info] Getting sessions for all scopes...
2025-12-11 22:04:44.410 [info] Got 0 sessions for ...
2025-12-11 22:04:44.410 [info] Getting sessions for all scopes...
2025-12-11 22:04:44.410 [info] Got 0 sessions for ...
2025-12-11 22:04:44.410 [info] Getting sessions for all scopes...
2025-12-11 22:04:44.410 [info] Got 0 sessions for ...
2025-12-11 22:04:44.410 [info] Getting sessions for all scopes...
2025-12-11 22:04:44.410 [info] Got 0 sessions for ...
2025-12-11 22:04:44.410 [info] Getting sessions for all scopes...
2025-12-11 22:04:44.410 [info] Got 0 sessions for ...
2025-12-11 22:04:44.410 [info] Getting sessions for all scopes...
2025-12-11 22:04:44.410 [info] Got 0 sessions for ...
2025-12-11 22:04:44.410 [info] Getting sessions for all scopes...
2025-12-11 22:04:44.410 [info] Got 0 sessions for ...
2025-12-11 22:04:44.410 [info] Getting sessions for all scopes...
2025-12-11 22:04:44.410 [info] Got 0 sessions for ...
2025-12-11 22:04:44.410 [info] Getting sessions for all scopes...
2025-12-11 22:04:44.410 [info] Got 0 sessions for ...
2025-12-11 22:04:44.410 [info] Getting sessions for all scopes...
2025-12-11 22:04:44.410 [info] Got 0 sessions for ...
2025-12-11 22:04:44.410 [info] Getting sessions for all scopes...
2025-12-11 22:04:44.410 [info] Got 0 sessions for ...
2025-12-11 22:04:44.410 [info] Getting sessions for all scopes...
2025-12-11 22:04:44.410 [info] Got 0 sessions for ...
2025-12-11 22:04:44.410 [info] Getting sessions for all scopes...
2025-12-11 22:04:44.410 [info] Got 0 sessions for ...
2025-12-11 22:04:44.669 [info] Getting sessions for all scopes...
2025-12-11 22:04:44.669 [info] Got 0 sessions for ...
2025-12-11 22:04:46.188 [info] Getting sessions for read:user,repo,user:email,workflow...
2025-12-11 22:04:46.188 [info] Got 0 sessions for read:user,repo,user:email,workflow...
2025-12-11 22:19:29.632 [info] Reading sessions from keychain...
2025-12-11 22:19:29.632 [info] Getting sessions for all scopes...
2025-12-11 22:19:29.632 [info] Got 0 sessions for ...
2025-12-11 22:19:29.632 [info] Getting sessions for all scopes...
2025-12-11 22:19:29.632 [info] Got 0 sessions for ...
2025-12-11 22:19:29.632 [info] Getting sessions for all scopes...
2025-12-11 22:19:29.632 [info] Got 0 sessions for ...
2025-12-11 22:19:29.632 [info] Getting sessions for all scopes...
2025-12-11 22:19:29.632 [info] Got 0 sessions for ...
2025-12-11 22:19:29.632 [info] Getting sessions for all scopes...
2025-12-11 22:19:29.632 [info] Got 0 sessions for ...
2025-12-11 22:19:30.145 [info] Getting sessions for read:user,repo,user:email,workflow...
2025-12-11 22:19:30.145 [info] Got 0 sessions for read:user,repo,user:email,workflow...
2025-12-12 00:01:36.291 [info] Getting sessions for read:user,repo,user:email,workflow...
2025-12-12 00:01:36.291 [info] Got 0 sessions for read:user,repo,user:email,workflow...
2025-12-12 00:48:45.712 [info] Getting sessions for read:user,repo,user:email,workflow...
2025-12-12 00:48:45.712 [info] Got 0 sessions for read:user,repo,user:email,workflow...
