    OpenRGB v0.9+ (1.0rc2)
    Commit:  from 
    Launched: 20251211_170446
====================================================================================================

0     |Info:    [ProfileManager] Found file: RGB_1.orp attempting to validate header
0     |Info:    [ProfileManager] Valid v5 profile found for RGB_1
53    |Info:    [ResourceManager] Initializing HID interfaces: Success
53    |Info:    ------------------------------------------------------
53    |Info:    |               Start device detection               |
53    |Info:    ------------------------------------------------------
64    |Info:    ------------------------------------------------------
64    |Info:    |             Detecting I2C interfaces               |
64    |Info:    ------------------------------------------------------
64    |Info:    [ResourceManager] Registering I2C interface: /dev/i2c-3 Device 10DE:2504 Subsystem: 1043:8816
64    |Info:    [ResourceManager] Registering I2C interface: /dev/i2c-1 Device 10DE:2504 Subsystem: 1043:8816
64    |Info:    [ResourceManager] Registering I2C interface: /dev/i2c-4 Device 10DE:2504 Subsystem: 1043:8816
64    |Info:    [ResourceManager] Registering I2C interface: /dev/i2c-2 Device 10DE:2504 Subsystem: 1043:8816
64    |Info:    [ResourceManager] Registering I2C interface: /dev/i2c-0 Device 10DE:2504 Subsystem: 1043:8816
64    |Info:    [ResourceManager] Registering I2C interface: /dev/i2c-5 Device 10DE:2504 Subsystem: 1043:8816
64    |Info:    ------------------------------------------------------
64    |Info:    |               Detecting I2C devices                |
64    |Info:    ------------------------------------------------------
64    |Info:    ------------------------------------------------------
64    |Info:    |            Detecting I2C DIMM modules              |
64    |Info:    ------------------------------------------------------
64    |Info:    ------------------------------------------------------
64    |Info:    |               Detecting I2C PCI devices            |
64    |Info:    ------------------------------------------------------
518   |Info:    [ASUS TUF GeForce RTX 3060 V2 Gaming OC] Registering RGB controller
561   |Info:    ------------------------------------------------------
561   |Info:    |               Detecting HID devices                |
561   |Info:    ------------------------------------------------------
562   |Info:    [Logitech G213] Registering RGB controller
562   |Info:    ------------------------------------------------------
562   |Info:    |            Detecting libusb HID devices            |
562   |Info:    ------------------------------------------------------
604   |Info:    ------------------------------------------------------
604   |Info:    |              Detecting other devices               |
604   |Info:    ------------------------------------------------------
620   |Info:    [ResourceManager] Calling Post-detection callbacks
620   |Info:    ------------------------------------------------------
620   |Info:    |                Detection completed                 |
620   |Info:    ------------------------------------------------------
