    OpenRGB v0.9+ (1.0rc2)
    Commit:  from 
    Launched: 20251212_111056
====================================================================================================

49    |Info:    [ProfileManager] Found file: RGB_1.orp attempting to validate header
156   |Info:    [ProfileManager] Valid v5 profile found for RGB_1
210   |Info:    [ResourceManager] Initializing HID interfaces: Success
210   |Info:    ------------------------------------------------------
210   |Info:    |               Start device detection               |
210   |Info:    ------------------------------------------------------
219   |Info:    ------------------------------------------------------
219   |Info:    |             Detecting I2C interfaces               |
219   |Info:    ------------------------------------------------------
219   |Info:    [ResourceManager] Registering I2C interface: /dev/i2c-3 Device 10DE:2504 Subsystem: 1043:8816
219   |Info:    [ResourceManager] Registering I2C interface: /dev/i2c-1 Device 10DE:2504 Subsystem: 1043:8816
219   |Info:    [ResourceManager] Registering I2C interface: /dev/i2c-4 Device 10DE:2504 Subsystem: 1043:8816
220   |Info:    [ResourceManager] Registering I2C interface: /dev/i2c-2 Device 10DE:2504 Subsystem: 1043:8816
220   |Info:    [ResourceManager] Registering I2C interface: /dev/i2c-0 Device 10DE:2504 Subsystem: 1043:8816
220   |Info:    [ResourceManager] Registering I2C interface: /dev/i2c-5 Device 10DE:2504 Subsystem: 1043:8816
220   |Info:    ------------------------------------------------------
220   |Info:    |               Detecting I2C devices                |
220   |Info:    ------------------------------------------------------
220   |Info:    ------------------------------------------------------
220   |Info:    |            Detecting I2C DIMM modules              |
220   |Info:    ------------------------------------------------------
220   |Info:    ------------------------------------------------------
220   |Info:    |               Detecting I2C PCI devices            |
220   |Info:    ------------------------------------------------------
568   |Info:    [ASUS TUF GeForce RTX 3060 V2 Gaming OC] Registering RGB controller
610   |Info:    ------------------------------------------------------
611   |Info:    |               Detecting HID devices                |
611   |Info:    ------------------------------------------------------
611   |Info:    [Logitech G213] Registering RGB controller
611   |Info:    ------------------------------------------------------
611   |Info:    |            Detecting libusb HID devices            |
611   |Info:    ------------------------------------------------------
756   |Info:    ------------------------------------------------------
756   |Info:    |              Detecting other devices               |
756   |Info:    ------------------------------------------------------
780   |Info:    [ResourceManager] Calling Post-detection callbacks
780   |Info:    ------------------------------------------------------
780   |Info:    |                Detection completed                 |
780   |Info:    ------------------------------------------------------
781   |Info:    [ProfileManager] Profile loading: Succeeded for ASUS TUF GeForce RTX 3060 V2 Gaming OC @ I2C: /dev/i2c-0, address 0x67
781   |Info:    [ProfileManager] Profile loading: Succeeded for Logitech G213 @ HID: /dev/hidraw1
