2025-12-11 22:18:59.659 [info] Getting Manifest... holiday-themes.theme-coca-cola-christmas
2025-12-11 22:19:00.164 [info] Installing extension: holiday-themes.theme-coca-cola-christmas {"isMachineScoped":false,"installPreReleaseVersion":false,"pinned":false,"profileLocation":{"$mid":1,"external":"vscode-userdata:/home/david/.vscode-oss/extensions/extensions.json","path":"/home/david/.vscode-oss/extensions/extensions.json","scheme":"vscode-userdata"},"isApplicationScoped":false,"productVersion":{"version":"1.106.3","date":"2025-12-07T16:36:50.910Z"}}
2025-12-11 22:19:02.396 [info] Extension signature verification result for holiday-themes.theme-coca-cola-christmas: Success. Executed: true. Duration: 684ms.
2025-12-11 22:19:02.418 [info] Extracted extension to file:///home/david/.vscode-oss/extensions/holiday-themes.theme-coca-cola-christmas-1.0.1-universal: holiday-themes.theme-coca-cola-christmas
2025-12-11 22:19:02.457 [info] Renamed to /home/david/.vscode-oss/extensions/holiday-themes.theme-coca-cola-christmas-1.0.1-universal
2025-12-11 22:19:02.493 [info] Extension installed successfully: holiday-themes.theme-coca-cola-christmas vscode-userdata:/home/david/.vscode-oss/extensions/extensions.json
2025-12-11 22:19:25.795 [info] Uninstalling extension from the profile: holiday-themes.theme-coca-cola-christmas@1.0.1 vscode-userdata:/home/david/.vscode-oss/extensions/extensions.json
2025-12-11 22:19:25.851 [info] Marked extension as removed holiday-themes.theme-coca-cola-christmas-1.0.1-universal
2025-12-11 22:19:26.102 [info] Successfully uninstalled extension from the profile holiday-themes.theme-coca-cola-christmas@1.0.1 vscode-userdata:/home/david/.vscode-oss/extensions/extensions.json
2025-12-11 22:21:25.347 [info] Getting Manifest... akamud.vscode-theme-onedark
2025-12-11 22:21:25.722 [info] Installing extension: akamud.vscode-theme-onedark {"isMachineScoped":false,"installPreReleaseVersion":false,"pinned":false,"profileLocation":{"$mid":1,"external":"vscode-userdata:/home/david/.vscode-oss/extensions/extensions.json","path":"/home/david/.vscode-oss/extensions/extensions.json","scheme":"vscode-userdata"},"isApplicationScoped":false,"productVersion":{"version":"1.106.3","date":"2025-12-07T16:36:50.910Z"}}
2025-12-11 22:21:26.842 [info] Extension signature verification result for akamud.vscode-theme-onedark: Success. Executed: true. Duration: 495ms.
2025-12-11 22:21:26.852 [info] Extracted extension to file:///home/david/.vscode-oss/extensions/akamud.vscode-theme-onedark-2.3.0-universal: akamud.vscode-theme-onedark
2025-12-11 22:21:26.881 [info] Renamed to /home/david/.vscode-oss/extensions/akamud.vscode-theme-onedark-2.3.0-universal
2025-12-11 22:21:26.916 [info] Extension installed successfully: akamud.vscode-theme-onedark vscode-userdata:/home/david/.vscode-oss/extensions/extensions.json
2025-12-11 22:21:59.487 [info] Getting Manifest... ms-vscode.powershell
2025-12-11 22:21:59.628 [info] Installing extension: ms-vscode.powershell {"isMachineScoped":false,"installPreReleaseVersion":false,"pinned":false,"profileLocation":{"$mid":1,"external":"vscode-userdata:/home/david/.vscode-oss/extensions/extensions.json","path":"/home/david/.vscode-oss/extensions/extensions.json","scheme":"vscode-userdata"},"isApplicationScoped":false,"productVersion":{"version":"1.106.3","date":"2025-12-07T16:36:50.910Z"}}
2025-12-11 22:22:01.332 [info] Extension signature verification result for ms-vscode.powershell: Success. Executed: true. Duration: 605ms.
2025-12-11 22:22:02.533 [info] Extracted extension to file:///home/david/.vscode-oss/extensions/ms-vscode.powershell-2025.4.0-universal: ms-vscode.powershell
2025-12-11 22:22:02.577 [info] Renamed to /home/david/.vscode-oss/extensions/ms-vscode.powershell-2025.4.0-universal
2025-12-11 22:22:02.614 [info] Extension installed successfully: ms-vscode.powershell vscode-userdata:/home/david/.vscode-oss/extensions/extensions.json
2025-12-11 22:22:35.886 [info] Uninstalling extension from the profile: ms-vscode.powershell@2025.4.0 vscode-userdata:/home/david/.vscode-oss/extensions/extensions.json
2025-12-11 22:22:35.973 [info] Marked extension as removed ms-vscode.powershell-2025.4.0-universal
2025-12-11 22:22:36.218 [info] Successfully uninstalled extension from the profile ms-vscode.powershell@2025.4.0 vscode-userdata:/home/david/.vscode-oss/extensions/extensions.json
