2025-12-11 22:04:44.052 [info] Extension host with pid 4247 started
2025-12-11 22:04:44.052 [info] Skipping acquiring lock for /home/david/.config/Code - OSS/User/workspaceStorage/355f7d343ade0a1c14e69d382399fcfa.
2025-12-11 22:04:44.060 [info] ExtensionService#_doActivateExtension vscode.github-authentication, startup: false, activationEvent: 'onAuthenticationRequest:github'
2025-12-11 22:04:44.145 [info] ExtensionService#_doActivateExtension vscode.emmet, startup: false, activationEvent: 'onLanguage'
2025-12-11 22:04:44.236 [info] ExtensionService#_doActivateExtension vscode.git-base, startup: true, activationEvent: '*', root cause: vscode.git
2025-12-11 22:04:44.241 [info] ExtensionService#_doActivateExtension vscode.git, startup: true, activationEvent: '*'
2025-12-11 22:04:44.380 [info] ExtensionService#_doActivateExtension vscode.github, startup: true, activationEvent: '*'
2025-12-11 22:04:44.479 [info] Eager extensions activated
2025-12-11 22:04:44.480 [info] ExtensionService#_doActivateExtension vscode.debug-auto-launch, startup: false, activationEvent: 'onStartupFinished'
2025-12-11 22:04:44.488 [info] ExtensionService#_doActivateExtension vscode.merge-conflict, startup: false, activationEvent: 'onStartupFinished'
2025-12-11 22:05:54.603 [info] ExtensionService#_doActivateExtension vscode.configuration-editing, startup: false, activationEvent: 'onLanguage:jsonc'
2025-12-11 22:05:54.629 [info] ExtensionService#_doActivateExtension vscode.json-language-features, startup: false, activationEvent: 'onLanguage:jsonc'
2025-12-11 22:05:54.690 [info] ExtensionService#_doActivateExtension vscode.typescript-language-features, startup: false, activationEvent: 'onLanguage:jsonc'
2025-12-11 22:19:02.581 [info] ExtensionService#_doActivateExtension holiday-themes.theme-coca-cola-christmas, startup: false, activationEvent: '*'
2025-12-11 22:19:28.970 [info] Extension host terminating: renderer closed the MessagePort
2025-12-11 22:19:28.979 [info] Extension host with pid 4247 exiting with code 0
2025-12-11 22:19:29.433 [info] Extension host with pid 20685 started
2025-12-11 22:19:29.433 [info] Skipping acquiring lock for /home/david/.config/Code - OSS/User/workspaceStorage/355f7d343ade0a1c14e69d382399fcfa.
2025-12-11 22:19:29.440 [info] ExtensionService#_doActivateExtension vscode.github-authentication, startup: false, activationEvent: 'onAuthenticationRequest:github'
2025-12-11 22:19:29.464 [info] ExtensionService#_doActivateExtension vscode.emmet, startup: false, activationEvent: 'onLanguage'
2025-12-11 22:19:29.480 [info] ExtensionService#_doActivateExtension vscode.configuration-editing, startup: false, activationEvent: 'onLanguage:jsonc'
2025-12-11 22:19:29.487 [info] ExtensionService#_doActivateExtension vscode.json-language-features, startup: false, activationEvent: 'onLanguage:jsonc'
2025-12-11 22:19:29.537 [info] ExtensionService#_doActivateExtension vscode.typescript-language-features, startup: false, activationEvent: 'onLanguage:jsonc'
2025-12-11 22:19:29.787 [info] ExtensionService#_doActivateExtension vscode.git-base, startup: true, activationEvent: '*', root cause: vscode.git
2025-12-11 22:19:29.800 [info] ExtensionService#_doActivateExtension vscode.git, startup: true, activationEvent: '*'
2025-12-11 22:19:29.847 [info] ExtensionService#_doActivateExtension vscode.github, startup: true, activationEvent: '*'
2025-12-11 22:19:29.972 [info] Eager extensions activated
2025-12-11 22:19:29.984 [info] ExtensionService#_doActivateExtension vscode.debug-auto-launch, startup: false, activationEvent: 'onStartupFinished'
2025-12-11 22:19:29.986 [info] ExtensionService#_doActivateExtension vscode.merge-conflict, startup: false, activationEvent: 'onStartupFinished'
2025-12-11 22:28:28.807 [info] ExtensionService#_doActivateExtension vscode.media-preview, startup: false, activationEvent: 'onCustomEditor:imagePreview.previewEditor'
2025-12-11 22:47:50.670 [info] ExtensionService#_doActivateExtension vscode.extension-editing, startup: false, activationEvent: 'onLanguage:json'
2025-12-11 22:47:50.701 [info] ExtensionService#_doActivateExtension vscode.npm, startup: false, activationEvent: 'onLanguage:json'
2025-12-12 00:34:31.782 [info] ExtensionService#_doActivateExtension vscode.css-language-features, startup: false, activationEvent: 'onLanguage:css'
2025-12-12 00:52:22.590 [info] Extension host terminating: renderer closed the MessagePort
2025-12-12 00:52:22.601 [info] Extension host with pid 20685 exiting with code 0
