2025-12-11 17:15:46.332 [info] Extension host with pid 34246 started
2025-12-11 17:15:46.400 [info] ExtensionService#_doActivateExtension vscode.github-authentication, startup: false, activationEvent: 'onAuthenticationRequest:github'
2025-12-11 17:15:46.426 [info] ExtensionService#_doActivateExtension vscode.emmet, startup: false, activationEvent: 'onLanguage'
2025-12-11 17:15:46.461 [info] ExtensionService#_doActivateExtension vscode.git-base, startup: true, activationEvent: '*', root cause: vscode.git
2025-12-11 17:15:46.467 [info] ExtensionService#_doActivateExtension vscode.git, startup: true, activationEvent: '*'
2025-12-11 17:15:46.512 [info] ExtensionService#_doActivateExtension vscode.github, startup: true, activationEvent: '*'
2025-12-11 17:15:46.571 [info] Eager extensions activated
2025-12-11 17:15:46.572 [info] ExtensionService#_doActivateExtension vscode.debug-auto-launch, startup: false, activationEvent: 'onStartupFinished'
2025-12-11 17:15:46.574 [info] ExtensionService#_doActivateExtension vscode.merge-conflict, startup: false, activationEvent: 'onStartupFinished'
2025-12-11 17:16:02.886 [info] Extension host terminating: renderer closed the MessagePort
2025-12-11 17:16:02.890 [info] Extension host with pid 34246 exiting with code 0
2025-12-11 17:16:03.977 [info] Extension host with pid 37515 started
2025-12-11 17:16:03.977 [info] Skipping acquiring lock for /home/david/.config/Code - OSS/User/workspaceStorage/11430a48c5baf2d729bdf2ff93be5511.
2025-12-11 17:16:03.989 [info] ExtensionService#_doActivateExtension vscode.github-authentication, startup: false, activationEvent: 'onAuthenticationRequest:github'
2025-12-11 17:16:04.015 [info] ExtensionService#_doActivateExtension vscode.emmet, startup: false, activationEvent: 'onLanguage'
2025-12-11 17:16:04.050 [info] ExtensionService#_doActivateExtension vscode.git-base, startup: true, activationEvent: '*', root cause: vscode.git
2025-12-11 17:16:04.054 [info] ExtensionService#_doActivateExtension vscode.git, startup: true, activationEvent: '*'
2025-12-11 17:16:04.101 [info] ExtensionService#_doActivateExtension vscode.github, startup: true, activationEvent: '*'
2025-12-11 17:16:04.192 [info] Eager extensions activated
2025-12-11 17:16:04.193 [info] ExtensionService#_doActivateExtension vscode.debug-auto-launch, startup: false, activationEvent: 'onStartupFinished'
2025-12-11 17:16:04.195 [info] ExtensionService#_doActivateExtension vscode.merge-conflict, startup: false, activationEvent: 'onStartupFinished'
2025-12-11 17:31:57.328 [info] Extension host terminating: renderer closed the MessagePort
2025-12-11 17:31:57.333 [info] Extension host with pid 37515 exiting with code 0
2025-12-11 17:31:58.533 [info] Extension host with pid 40389 started
2025-12-11 17:31:58.533 [info] Skipping acquiring lock for /home/david/.config/Code - OSS/User/workspaceStorage/bf8e40c6e93dca26bf0c23871f83d9b6.
2025-12-11 17:31:58.601 [info] ExtensionService#_doActivateExtension vscode.github-authentication, startup: false, activationEvent: 'onAuthenticationRequest:github'
2025-12-11 17:31:58.628 [info] ExtensionService#_doActivateExtension vscode.emmet, startup: false, activationEvent: 'onLanguage'
2025-12-11 17:31:58.666 [info] ExtensionService#_doActivateExtension vscode.git-base, startup: true, activationEvent: '*', root cause: vscode.git
2025-12-11 17:31:58.671 [info] ExtensionService#_doActivateExtension vscode.git, startup: true, activationEvent: '*'
2025-12-11 17:31:58.717 [info] ExtensionService#_doActivateExtension vscode.github, startup: true, activationEvent: '*'
2025-12-11 17:31:58.810 [info] Eager extensions activated
2025-12-11 17:31:58.811 [info] ExtensionService#_doActivateExtension vscode.debug-auto-launch, startup: false, activationEvent: 'onStartupFinished'
2025-12-11 17:31:58.813 [info] ExtensionService#_doActivateExtension vscode.merge-conflict, startup: false, activationEvent: 'onStartupFinished'
2025-12-11 17:43:39.954 [info] Extension host terminating: renderer closed the MessagePort
2025-12-11 17:43:39.957 [info] Extension host with pid 40389 exiting with code 0
2025-12-11 17:43:41.203 [info] Extension host with pid 42188 started
2025-12-11 17:43:41.203 [info] Skipping acquiring lock for /home/david/.config/Code - OSS/User/workspaceStorage/db4101762b6e6d5ff1a9dd15cfd75a3f.
2025-12-11 17:43:41.268 [info] ExtensionService#_doActivateExtension vscode.github-authentication, startup: false, activationEvent: 'onAuthenticationRequest:github'
2025-12-11 17:43:41.294 [info] ExtensionService#_doActivateExtension vscode.emmet, startup: false, activationEvent: 'onLanguage'
2025-12-11 17:43:41.327 [info] ExtensionService#_doActivateExtension vscode.git-base, startup: true, activationEvent: '*', root cause: vscode.git
2025-12-11 17:43:41.333 [info] ExtensionService#_doActivateExtension vscode.git, startup: true, activationEvent: '*'
2025-12-11 17:43:41.377 [info] ExtensionService#_doActivateExtension vscode.github, startup: true, activationEvent: '*'
2025-12-11 17:43:41.472 [info] Eager extensions activated
2025-12-11 17:43:41.480 [info] ExtensionService#_doActivateExtension vscode.debug-auto-launch, startup: false, activationEvent: 'onStartupFinished'
2025-12-11 17:43:41.481 [info] ExtensionService#_doActivateExtension vscode.merge-conflict, startup: false, activationEvent: 'onStartupFinished'
2025-12-11 17:56:44.095 [info] Extension host terminating: renderer closed the MessagePort
2025-12-11 17:56:44.099 [info] Extension host with pid 42188 exiting with code 0
