2025-12-12 11:16:37.359 [info] Reading sessions from keychain...
2025-12-12 11:16:37.359 [info] Getting sessions for all scopes...
2025-12-12 11:16:37.359 [info] Got 0 sessions for ...
2025-12-12 11:16:37.359 [info] Getting sessions for all scopes...
2025-12-12 11:16:37.359 [info] Got 0 sessions for ...
2025-12-12 11:16:37.359 [info] Getting sessions for all scopes...
2025-12-12 11:16:37.359 [info] Got 0 sessions for ...
2025-12-12 11:16:37.359 [info] Getting sessions for all scopes...
2025-12-12 11:16:37.359 [info] Got 0 sessions for ...
2025-12-12 11:16:37.359 [info] Getting sessions for all scopes...
2025-12-12 11:16:37.359 [info] Got 0 sessions for ...
2025-12-12 11:16:37.359 [info] Getting sessions for all scopes...
2025-12-12 11:16:37.359 [info] Got 0 sessions for ...
2025-12-12 11:16:37.359 [info] Getting sessions for all scopes...
2025-12-12 11:16:37.359 [info] Got 0 sessions for ...
2025-12-12 11:16:37.359 [info] Getting sessions for all scopes...
2025-12-12 11:16:37.359 [info] Got 0 sessions for ...
2025-12-12 11:16:37.359 [info] Getting sessions for all scopes...
2025-12-12 11:16:37.359 [info] Got 0 sessions for ...
2025-12-12 11:16:37.359 [info] Getting sessions for all scopes...
2025-12-12 11:16:37.359 [info] Got 0 sessions for ...
2025-12-12 11:16:37.359 [info] Getting sessions for all scopes...
2025-12-12 11:16:37.359 [info] Got 0 sessions for ...
2025-12-12 11:16:37.359 [info] Getting sessions for all scopes...
2025-12-12 11:16:37.359 [info] Got 0 sessions for ...
2025-12-12 11:16:37.359 [info] Getting sessions for all scopes...
2025-12-12 11:16:37.359 [info] Got 0 sessions for ...
2025-12-12 11:16:37.359 [info] Getting sessions for all scopes...
2025-12-12 11:16:37.359 [info] Got 0 sessions for ...
2025-12-12 11:16:37.359 [info] Getting sessions for all scopes...
2025-12-12 11:16:37.359 [info] Got 0 sessions for ...
2025-12-12 11:16:39.107 [info] Getting sessions for read:user,repo,user:email,workflow...
2025-12-12 11:16:39.107 [info] Got 0 sessions for read:user,repo,user:email,workflow...
